info: User added succesfully: 1111111111,2024. 02. 07. 12:55:54
info: User deleted succesfully: 31,2024. 02. 07. 12:56:16
info: User deleted succesfully: 35,2024. 02. 07. 15:15:45
info: User added successfully22222222,222222222@ggrgrg.com,22222222222223,2222222222222,1,0,22222222222,2222222222222
info: User added successfully:22222222,222222222@ggrgrg.com,222222222222234,2222222222222,1,0,22222222222,2222222222222
info: User added successfully:111111,11111111111@1111.111,11111111145,111111111,0,1,111111111111,11111111111
info: User deleted succesfully: 40,2024. 02. 07. 15:19:38
info: User deleted succesfully: 39,2024. 02. 07. 15:19:39
info: User deleted succesfully: 38,2024. 02. 07. 15:19:40
info: User deleted succesfully: 36,2024. 02. 07. 15:19:40
info: User deleted succesfully: 34,2024. 02. 07. 15:19:40
info: User deleted succesfully: 32,2024. 02. 07. 15:19:41
info: User deleted succesfully: 28,2024. 02. 07. 15:19:41
info: User logged in: admin, 2024. 02. 08. 8:44:16
info: Partner deleted: 41
info: User updated: asdasdasd1, 2024. 02. 08. 8:51:34
info: User updated: asdasdasd1, 2024. 02. 08. 8:51:49
info: Parten added: admin,asd,asd,asd
info: User added successfully:123123,123433333@4444444.com,123123,123123,,1,123123,123123
info: User deleted succesfully: 24,2024. 02. 08. 9:39:36
info: User added successfully:222222,2222222222222@2222.com,222222222,22222222222,,1,222222222222,22222222222
info: User deleted succesfully: 42,2024. 02. 08. 9:54:49
info: Parten added: 111111111,1111111111,111111111,1111111111111
info: Partner deleted: 
info: Parten added: 11111111,111111,11111111,1111111111111
info: Parten added: 111111111,1111111,11111111,1111111111111
info: Partner deleted: 
info: Parten added: 111111111,11111111,1111111,1111111111111111111
info: Partner deleted: 
info: Parten added: 11111111,111111111,1111111,1111111111111111
info: Partner deleted: + undefined
info: Parten added: 1111111111,111111111,11111111,11111111111111111
info: Partner deleted: undefined
info: Parten added: 11111111111111111111111111111111111111111,11111111,111111111,1111111111111
info: Partner deleted: [object Object]
info: Parten added: 11111111,11111111,1111111111,1111111111111
info: Partner deleted: 53
info: Parten added: 111111,111111111,11111111,1111111111
info: Partner deleted: 54,2024. 02. 08. 10:06:55
info: User added successfully:22222222,2222222222@2222222222.222,2222222222,222222222,,1,22222222222222,222222222222
info: User deleted: 43, 2024. 02. 08. 10:09:25
info: Partner added: 1111111,111111111,111111111,111111111111
info: Partner deleted successfully: 55, 2024. 02. 08. 10:11:34
info: Partner updated successfully: 3333334, 2024. 02. 08. 10:13:07
info: User updated successfully: asdasdasd1, 2024. 02. 08. 10:31:42
info: User updated successfully: asdasdasd1, 2024. 02. 08. 10:31:59
info: Partner added: 1111111,1111111,1111111111,11111111111
info: Partner deleted successfully: 56, 2024. 02. 08. 10:54:11
info: Partner added: 1111111111,1111111111,11111111,111111111
info: Partner added: 12312321,123123123,312,312312312
info: Partner added: 2222222223232,32322222222123,33,123
info: User added successfully:212121314,12312@jztgj.ljk,4124123,hrthrt,1,0000000,asd1213412
info: User deleted successfully: 44, 2024. 02. 08. 11:20:34
info: Partner deleted successfully: 59, 2024. 02. 08. 11:20:38
info: Partner deleted successfully: 58, 2024. 02. 08. 11:20:40
info: User added successfully:11111,1111111111@111111111.11,1111111111,11111111,1,1111111111111111,1111111111
info: User updated successfully: 1111111111, 2024. 02. 08. 14:12:05
info: User updated successfully: 1111111111, 2024. 02. 08. 14:12:13
info: User updated successfully: 1111111111, 2024. 02. 08. 14:13:27
info: User updated successfully: asdasdasd1, 2024. 02. 08. 15:09:02
info: User updated successfully: asdasdasd1, 2024. 02. 08. 15:10:33
info: User updated successfully: asdasdasd1, 2024. 02. 08. 15:25:48
info: User updated successfully: asdasdasd1, 2024. 02. 08. 15:25:52
info: User updated successfully: asdasdasd1, 2024. 02. 08. 15:26:17
info: User updated successfully: asdasdasd1, 2024. 02. 08. 15:26:20
info: User updated successfully: asdasdasd1, 2024. 02. 08. 15:27:37
info: User updated successfully: asdasdasd1, 2024. 02. 08. 15:31:28
info: User updated successfully: asdasdasd1, 2024. 02. 08. 15:31:34
info: Partner added: 3333,22222222,222222222,222222222222
info: User logged in: admin, 2024. 02. 12. 9:32:20
info: Partner deleted successfully: 64, 2024. 02. 12. 10:55:47
info: Partner deleted successfully: 62, 2024. 02. 12. 10:55:48
info: User updated successfully: asdasdasd1, 2024. 02. 12. 11:44:39
info: User updated successfully: asdasdasd1, 2024. 02. 12. 11:47:05
info: User updated successfully: asdasdasd1, 2024. 02. 12. 11:49:13
info: User updated successfully: asdasdasd1, 2024. 02. 12. 11:49:32
info: User updated successfully: asdasdasd1, 2024. 02. 12. 11:52:26
info: User's partner updated successfully: User ID 25, 2024. 02. 12. 11:52:26
info: User deleted successfully: 25, 2024. 02. 12. 11:52:40
info: User deleted successfully: 27, 2024. 02. 12. 11:52:40
info: User deleted successfully: 41, 2024. 02. 12. 11:52:41
info: User deleted successfully: 45, 2024. 02. 12. 11:52:41
info: User deleted successfully: 48, 2024. 02. 12. 11:52:41
info: User deleted successfully: 49, 2024. 02. 12. 11:52:41
info: User updated successfully: asdasdasd, 2024. 02. 12. 11:53:36
info: User's partner updated successfully: User ID 53, 2024. 02. 12. 11:53:36
info: Partner deleted successfully: 36, 2024. 02. 12. 11:55:32
info: User updated successfully: 3333343333, 2024. 02. 12. 11:55:43
info: User's partner updated successfully: User ID 51, 2024. 02. 12. 11:55:43
info: User updated successfully: 1, 2024. 02. 12. 11:55:52
info: User's partner updated successfully: User ID 52, 2024. 02. 12. 11:55:52
info: User updated successfully: 3333343333, 2024. 02. 12. 13:17:55
info: User's partner updated successfully: User ID 51, 2024. 02. 12. 13:17:55
info: User updated successfully: 3333343333, 2024. 02. 12. 13:18:08
info: User's partner updated successfully: User ID 51, 2024. 02. 12. 13:18:08
info: User updated successfully: 3333343333, 2024. 02. 12. 13:19:52
info: User's partner updated successfully: User ID 51, 2024. 02. 12. 13:19:52
info: User deleted successfully: 51, 2024. 02. 12. 13:20:06
info: User deleted successfully: 52, 2024. 02. 12. 13:20:06
info: Partner added: 1,1,1,1
info: Partner added: 1,1,1,1
info: Partner added: 1,1,1,1
info: Partner deleted successfully: 67, 2024. 02. 12. 13:32:08
info: Partner added: 33,3333333,33333333,33333333333333
info: Partner added: 44,4444444,4444444,44444444444444
info: Partner added: 5555,5555555,5555555,5555555555555555
info: User updated successfully: 1, 2024. 02. 12. 13:35:39
info: User's partner updated successfully: User ID 55, 2024. 02. 12. 13:35:39
info: Partner deleted successfully: 70, 2024. 02. 12. 13:36:54
info: User deleted successfully: 55, 2024. 02. 12. 13:41:05
info: User deleted successfully: 56, 2024. 02. 12. 13:41:06
info: Partner and related users deleted successfully: 68, 2024. 02. 12. 13:41:38
info: Partner and related users deleted successfully: 69, 2024. 02. 12. 13:43:09
info: Partner added: 44,44,44,44
info: Partner and related users deleted successfully: 71, 2024. 02. 12. 13:47:55
info: Partner added: 344,44,44,44
info: Partner and related users deleted successfully: 72, 2024. 02. 12. 14:02:25
info: Partner added: 33,33,3,33
info: Partner and related users deleted successfully: 73, 2024. 02. 12. 14:05:29
info: Partner and related users deleted successfully: 45, 54, 2024. 02. 12. 14:14:04
info: Partner added: admin,admin,admin,admin
info: Partner added: 1,1,1,1
info: Partner and related users deleted successfully: 75, 65, 2024. 02. 12. 14:41:17
info: Partner added: 11,1,1,1
info: Partner added: 11,11,11,11
info: Partner and related users deleted successfully: 77, 67, 2024. 02. 12. 15:02:45
info: Partner added: 11,11,11,11
info: Partner and related users deleted successfully: 78, 68, 2024. 02. 12. 15:18:28
info: Partner added: 11,11,11,11
info: Partner and related users deleted successfully: 79, 69, 2024. 02. 12. 15:34:42
info: Partner added: 111,11,11,111
info: Partner added: 33,33,33,33
info: Partner deleted successfully (no associated users): 81, 2024. 02. 14. 9:53:32
info: Partner added: 333,333,333,333
info: Partner and related entities deleted successfully: 82, 71, 2024. 02. 14. 9:53:58
info: Partner added: 44,444,444,444
info: Partner added: 11111,111,11,1111
info: User logged in: admin, 2024. 02. 14. 23:33:53
info: User updated successfully: asdasdasd, 2024. 02. 14. 23:36:18
info: User's partner updated successfully: User ID 53, 2024. 02. 14. 23:36:18
info: Partner deleted successfully (no associated users): 83, 2024. 02. 15. 8:50:12
info: Partner and related entities deleted successfully: 80, 70, 2024. 02. 15. 8:51:40
info: User updated successfully: 222, 2024. 02. 15. 8:52:06
info: User's partner updated successfully: User ID 72, 2024. 02. 15. 8:52:06
info: Partner added: 111,111,111,111
info: User updated successfully: 222, 2024. 02. 15. 10:04:16
info: User's partner updated successfully: User ID 72, 2024. 02. 15. 10:04:16
info: Partner added: 1,1,1,1
info: Partner added: 2,2,2,2
info: Partner added: 3,3,3,3
info: Partner added: 4,4,4,4
info: Partner added: 5,5,5,5
info: Partner added: aaaaaaaaaaaaaaaaaaaaaaaaaaaaaaaaaaaaaaaaaaaaaaaaa,aaaaaaaaaaaaaaaaaa,aaaaaaaa,aaaaaaaaaaaaa
info: Partner added: 6,6,6,6
info: Partner deleted successfully (no associated users): 91, 2024. 02. 15. 10:41:30
info: Partner deleted successfully (no associated users): 92, 2024. 02. 15. 10:51:24
info: Partner deleted successfully (no associated users): 88, 2024. 02. 15. 10:51:26
info: Partner deleted successfully (no associated users): 89, 2024. 02. 15. 10:51:28
info: Partner deleted successfully (no associated users): 90, 2024. 02. 15. 10:51:29
